[2026-05-11 15:37:16,425][root][INFO] - cc -pthread -fno-strict-overflow -Wsign-compare -Wunreachable-code -DNDEBUG -g -O3 -Wall -O3 -fPIC -fPIC -c /tmp/tmpzsepru9g/test.c -o /tmp/tmpzsepru9g/test.o
[2026-05-11 15:37:16,425][root][INFO] - cc -pthread -fno-strict-overflow -Wsign-compare -Wunreachable-code -DNDEBUG -g -O3 -Wall -O3 -fPIC -fPIC -c /tmp/tmpqyi35n3o/test.c -o /tmp/tmpqyi35n3o/test.o
[2026-05-11 15:37:16,425][root][INFO] - cc -pthread -fno-strict-overflow -Wsign-compare -Wunreachable-code -DNDEBUG -g -O3 -Wall -O3 -fPIC -fPIC -c /tmp/tmpo3lh51xa/test.c -o /tmp/tmpo3lh51xa/test.o
[2026-05-11 15:37:16,427][root][INFO] - cc -pthread -fno-strict-overflow -Wsign-compare -Wunreachable-code -DNDEBUG -g -O3 -Wall -O3 -fPIC -fPIC -c /tmp/tmpucud84tt/test.c -o /tmp/tmpucud84tt/test.o
[2026-05-11 15:37:16,437][root][INFO] - cc -pthread /tmp/tmpucud84tt/test.o -laio -o /tmp/tmpucud84tt/a.out
[2026-05-11 15:37:16,437][root][INFO] - cc -pthread /tmp/tmpo3lh51xa/test.o -laio -o /tmp/tmpo3lh51xa/a.out
[2026-05-11 15:37:16,437][root][INFO] - cc -pthread /tmp/tmpqyi35n3o/test.o -laio -o /tmp/tmpqyi35n3o/a.out
[2026-05-11 15:37:16,437][root][INFO] - cc -pthread /tmp/tmpzsepru9g/test.o -laio -o /tmp/tmpzsepru9g/a.out
[2026-05-11 15:37:16,453][root][INFO] - cc -pthread -fno-strict-overflow -Wsign-compare -Wunreachable-code -DNDEBUG -g -O3 -Wall -O3 -fPIC -fPIC -c /tmp/tmppgrhsxsu/test.c -o /tmp/tmppgrhsxsu/test.o
[2026-05-11 15:37:16,463][root][INFO] - cc -pthread /tmp/tmppgrhsxsu/test.o -laio -o /tmp/tmppgrhsxsu/a.out
[2026-05-11 15:37:16,468][root][INFO] - cc -pthread -fno-strict-overflow -Wsign-compare -Wunreachable-code -DNDEBUG -g -O3 -Wall -O3 -fPIC -fPIC -c /tmp/tmpjyz1oq6v/test.c -o /tmp/tmpjyz1oq6v/test.o
[2026-05-11 15:37:16,478][root][INFO] - cc -pthread /tmp/tmpjyz1oq6v/test.o -laio -o /tmp/tmpjyz1oq6v/a.out
[2026-05-11 15:37:16,491][root][INFO] - cc -pthread -fno-strict-overflow -Wsign-compare -Wunreachable-code -DNDEBUG -g -O3 -Wall -O3 -fPIC -fPIC -c /tmp/tmptcjw1v_q/test.c -o /tmp/tmptcjw1v_q/test.o
[2026-05-11 15:37:16,503][root][INFO] - cc -pthread /tmp/tmptcjw1v_q/test.o -laio -o /tmp/tmptcjw1v_q/a.out
[2026-05-11 15:37:16,504][root][INFO] - cc -pthread -fno-strict-overflow -Wsign-compare -Wunreachable-code -DNDEBUG -g -O3 -Wall -O3 -fPIC -fPIC -c /tmp/tmpgpscit05/test.c -o /tmp/tmpgpscit05/test.o
[2026-05-11 15:37:16,515][root][INFO] - cc -pthread /tmp/tmpgpscit05/test.o -laio -o /tmp/tmpgpscit05/a.out
[2026-05-11 15:37:16,719][root][INFO] - cc -pthread -fno-strict-overflow -Wsign-compare -Wunreachable-code -DNDEBUG -g -O3 -Wall -O3 -fPIC -fPIC -c /tmp/tmppuaigte0/test.c -o /tmp/tmppuaigte0/test.o
[2026-05-11 15:37:16,719][root][INFO] - cc -pthread -fno-strict-overflow -Wsign-compare -Wunreachable-code -DNDEBUG -g -O3 -Wall -O3 -fPIC -fPIC -c /tmp/tmp0irggawm/test.c -o /tmp/tmp0irggawm/test.o
[2026-05-11 15:37:16,723][root][INFO] - cc -pthread -fno-strict-overflow -Wsign-compare -Wunreachable-code -DNDEBUG -g -O3 -Wall -O3 -fPIC -fPIC -c /tmp/tmpmn2vm16p/test.c -o /tmp/tmpmn2vm16p/test.o
[2026-05-11 15:37:16,723][root][INFO] - cc -pthread -fno-strict-overflow -Wsign-compare -Wunreachable-code -DNDEBUG -g -O3 -Wall -O3 -fPIC -fPIC -c /tmp/tmpjf0tuoib/test.c -o /tmp/tmpjf0tuoib/test.o
[2026-05-11 15:37:16,735][root][INFO] - cc -pthread /tmp/tmpmn2vm16p/test.o -L/usr/local/cuda -L/usr/local/cuda/lib64 -lcufile -o /tmp/tmpmn2vm16p/a.out
[2026-05-11 15:37:16,735][root][INFO] - cc -pthread /tmp/tmp0irggawm/test.o -L/usr/local/cuda -L/usr/local/cuda/lib64 -lcufile -o /tmp/tmp0irggawm/a.out
[2026-05-11 15:37:16,735][root][INFO] - cc -pthread /tmp/tmppuaigte0/test.o -L/usr/local/cuda -L/usr/local/cuda/lib64 -lcufile -o /tmp/tmppuaigte0/a.out
[2026-05-11 15:37:16,735][root][INFO] - cc -pthread /tmp/tmpjf0tuoib/test.o -L/usr/local/cuda -L/usr/local/cuda/lib64 -lcufile -o /tmp/tmpjf0tuoib/a.out
[2026-05-11 15:37:16,747][root][INFO] - cc -pthread -fno-strict-overflow -Wsign-compare -Wunreachable-code -DNDEBUG -g -O3 -Wall -O3 -fPIC -fPIC -c /tmp/tmpmsg8za7o/test.c -o /tmp/tmpmsg8za7o/test.o
[2026-05-11 15:37:16,754][root][INFO] - cc -pthread -fno-strict-overflow -Wsign-compare -Wunreachable-code -DNDEBUG -g -O3 -Wall -O3 -fPIC -fPIC -c /tmp/tmpyz4t_zgn/test.c -o /tmp/tmpyz4t_zgn/test.o
[2026-05-11 15:37:16,758][root][INFO] - cc -pthread /tmp/tmpmsg8za7o/test.o -L/usr/local/cuda -L/usr/local/cuda/lib64 -lcufile -o /tmp/tmpmsg8za7o/a.out
[2026-05-11 15:37:16,764][root][INFO] - cc -pthread -fno-strict-overflow -Wsign-compare -Wunreachable-code -DNDEBUG -g -O3 -Wall -O3 -fPIC -fPIC -c /tmp/tmpg9vvsg_f/test.c -o /tmp/tmpg9vvsg_f/test.o
[2026-05-11 15:37:16,764][root][INFO] - cc -pthread -fno-strict-overflow -Wsign-compare -Wunreachable-code -DNDEBUG -g -O3 -Wall -O3 -fPIC -fPIC -c /tmp/tmpbm7pplsp/test.c -o /tmp/tmpbm7pplsp/test.o
[2026-05-11 15:37:16,765][root][INFO] - cc -pthread /tmp/tmpyz4t_zgn/test.o -L/usr/local/cuda -L/usr/local/cuda/lib64 -lcufile -o /tmp/tmpyz4t_zgn/a.out
[2026-05-11 15:37:16,766][root][INFO] - cc -pthread -fno-strict-overflow -Wsign-compare -Wunreachable-code -DNDEBUG -g -O3 -Wall -O3 -fPIC -fPIC -c /tmp/tmp4r8b71r_/test.c -o /tmp/tmp4r8b71r_/test.o
[2026-05-11 15:37:16,767][root][INFO] - cc -pthread -fno-strict-overflow -Wsign-compare -Wunreachable-code -DNDEBUG -g -O3 -Wall -O3 -fPIC -fPIC -c /tmp/tmpq9yuhhbz/test.c -o /tmp/tmpq9yuhhbz/test.o
[2026-05-11 15:37:16,773][root][INFO] - cc -pthread /tmp/tmpbm7pplsp/test.o -laio -o /tmp/tmpbm7pplsp/a.out
[2026-05-11 15:37:16,773][root][INFO] - cc -pthread /tmp/tmpg9vvsg_f/test.o -laio -o /tmp/tmpg9vvsg_f/a.out
[2026-05-11 15:37:16,775][root][INFO] - cc -pthread /tmp/tmp4r8b71r_/test.o -laio -o /tmp/tmp4r8b71r_/a.out
[2026-05-11 15:37:16,775][root][INFO] - cc -pthread -fno-strict-overflow -Wsign-compare -Wunreachable-code -DNDEBUG -g -O3 -Wall -O3 -fPIC -fPIC -c /tmp/tmpc5rt8azh/test.c -o /tmp/tmpc5rt8azh/test.o
[2026-05-11 15:37:16,777][root][INFO] - cc -pthread /tmp/tmpq9yuhhbz/test.o -laio -o /tmp/tmpq9yuhhbz/a.out
[2026-05-11 15:37:16,784][root][INFO] - cc -pthread -fno-strict-overflow -Wsign-compare -Wunreachable-code -DNDEBUG -g -O3 -Wall -O3 -fPIC -fPIC -c /tmp/tmp_m12btz6/test.c -o /tmp/tmp_m12btz6/test.o
[2026-05-11 15:37:16,786][root][INFO] - cc -pthread /tmp/tmpc5rt8azh/test.o -L/usr/local/cuda -L/usr/local/cuda/lib64 -lcufile -o /tmp/tmpc5rt8azh/a.out
[2026-05-11 15:37:16,793][root][INFO] - cc -pthread -fno-strict-overflow -Wsign-compare -Wunreachable-code -DNDEBUG -g -O3 -Wall -O3 -fPIC -fPIC -c /tmp/tmp2psstah3/test.c -o /tmp/tmp2psstah3/test.o
[2026-05-11 15:37:16,794][root][INFO] - cc -pthread /tmp/tmp_m12btz6/test.o -L/usr/local/cuda -L/usr/local/cuda/lib64 -lcufile -o /tmp/tmp_m12btz6/a.out
[2026-05-11 15:37:16,799][root][INFO] - cc -pthread -fno-strict-overflow -Wsign-compare -Wunreachable-code -DNDEBUG -g -O3 -Wall -O3 -fPIC -fPIC -c /tmp/tmpt_veazek/test.c -o /tmp/tmpt_veazek/test.o
[2026-05-11 15:37:16,803][root][INFO] - cc -pthread /tmp/tmp2psstah3/test.o -laio -o /tmp/tmp2psstah3/a.out
[2026-05-11 15:37:16,809][root][INFO] - cc -pthread /tmp/tmpt_veazek/test.o -laio -o /tmp/tmpt_veazek/a.out
[2026-05-11 15:37:16,816][root][INFO] - cc -pthread -fno-strict-overflow -Wsign-compare -Wunreachable-code -DNDEBUG -g -O3 -Wall -O3 -fPIC -fPIC -c /tmp/tmp1qf6a9lj/test.c -o /tmp/tmp1qf6a9lj/test.o
[2026-05-11 15:37:16,824][root][INFO] - cc -pthread -fno-strict-overflow -Wsign-compare -Wunreachable-code -DNDEBUG -g -O3 -Wall -O3 -fPIC -fPIC -c /tmp/tmp3drsjcpp/test.c -o /tmp/tmp3drsjcpp/test.o
[2026-05-11 15:37:16,827][root][INFO] - cc -pthread /tmp/tmp1qf6a9lj/test.o -laio -o /tmp/tmp1qf6a9lj/a.out
[2026-05-11 15:37:16,835][root][INFO] - cc -pthread /tmp/tmp3drsjcpp/test.o -laio -o /tmp/tmp3drsjcpp/a.out
