[2026-05-11 15:36:44,345][root][INFO] - cc -pthread -fno-strict-overflow -Wsign-compare -Wunreachable-code -DNDEBUG -g -O3 -Wall -O3 -fPIC -fPIC -c /tmp/tmp169khefa/test.c -o /tmp/tmp169khefa/test.o
[2026-05-11 15:36:44,345][root][INFO] - cc -pthread -fno-strict-overflow -Wsign-compare -Wunreachable-code -DNDEBUG -g -O3 -Wall -O3 -fPIC -fPIC -c /tmp/tmpisbojxcm/test.c -o /tmp/tmpisbojxcm/test.o
[2026-05-11 15:36:44,345][root][INFO] - cc -pthread -fno-strict-overflow -Wsign-compare -Wunreachable-code -DNDEBUG -g -O3 -Wall -O3 -fPIC -fPIC -c /tmp/tmpiv8qghh3/test.c -o /tmp/tmpiv8qghh3/test.o
[2026-05-11 15:36:44,345][root][INFO] - cc -pthread -fno-strict-overflow -Wsign-compare -Wunreachable-code -DNDEBUG -g -O3 -Wall -O3 -fPIC -fPIC -c /tmp/tmp_fts7j0f/test.c -o /tmp/tmp_fts7j0f/test.o
[2026-05-11 15:36:44,345][root][INFO] - cc -pthread -fno-strict-overflow -Wsign-compare -Wunreachable-code -DNDEBUG -g -O3 -Wall -O3 -fPIC -fPIC -c /tmp/tmpdxlho23q/test.c -o /tmp/tmpdxlho23q/test.o
[2026-05-11 15:36:44,345][root][INFO] - cc -pthread -fno-strict-overflow -Wsign-compare -Wunreachable-code -DNDEBUG -g -O3 -Wall -O3 -fPIC -fPIC -c /tmp/tmpfbmys4xs/test.c -o /tmp/tmpfbmys4xs/test.o
[2026-05-11 15:36:44,345][root][INFO] - cc -pthread -fno-strict-overflow -Wsign-compare -Wunreachable-code -DNDEBUG -g -O3 -Wall -O3 -fPIC -fPIC -c /tmp/tmpp03ltsns/test.c -o /tmp/tmpp03ltsns/test.o
[2026-05-11 15:36:44,345][root][INFO] - cc -pthread -fno-strict-overflow -Wsign-compare -Wunreachable-code -DNDEBUG -g -O3 -Wall -O3 -fPIC -fPIC -c /tmp/tmphx5sffb_/test.c -o /tmp/tmphx5sffb_/test.o
[2026-05-11 15:36:44,377][root][INFO] - cc -pthread /tmp/tmpp03ltsns/test.o -laio -o /tmp/tmpp03ltsns/a.out
[2026-05-11 15:36:44,377][root][INFO] - cc -pthread /tmp/tmpisbojxcm/test.o -laio -o /tmp/tmpisbojxcm/a.out
[2026-05-11 15:36:44,377][root][INFO] - cc -pthread /tmp/tmpiv8qghh3/test.o -laio -o /tmp/tmpiv8qghh3/a.out
[2026-05-11 15:36:44,377][root][INFO] - cc -pthread /tmp/tmpdxlho23q/test.o -laio -o /tmp/tmpdxlho23q/a.out
[2026-05-11 15:36:44,377][root][INFO] - cc -pthread /tmp/tmphx5sffb_/test.o -laio -o /tmp/tmphx5sffb_/a.out
[2026-05-11 15:36:44,377][root][INFO] - cc -pthread /tmp/tmp_fts7j0f/test.o -laio -o /tmp/tmp_fts7j0f/a.out
[2026-05-11 15:36:44,377][root][INFO] - cc -pthread /tmp/tmp169khefa/test.o -laio -o /tmp/tmp169khefa/a.out
[2026-05-11 15:36:44,377][root][INFO] - cc -pthread /tmp/tmpfbmys4xs/test.o -laio -o /tmp/tmpfbmys4xs/a.out
[2026-05-11 15:36:44,718][root][INFO] - cc -pthread -fno-strict-overflow -Wsign-compare -Wunreachable-code -DNDEBUG -g -O3 -Wall -O3 -fPIC -fPIC -c /tmp/tmpquh2c2ip/test.c -o /tmp/tmpquh2c2ip/test.o
[2026-05-11 15:36:44,718][root][INFO] - cc -pthread -fno-strict-overflow -Wsign-compare -Wunreachable-code -DNDEBUG -g -O3 -Wall -O3 -fPIC -fPIC -c /tmp/tmpni3sx9fl/test.c -o /tmp/tmpni3sx9fl/test.o
[2026-05-11 15:36:44,719][root][INFO] - cc -pthread -fno-strict-overflow -Wsign-compare -Wunreachable-code -DNDEBUG -g -O3 -Wall -O3 -fPIC -fPIC -c /tmp/tmpa5g9baks/test.c -o /tmp/tmpa5g9baks/test.o
[2026-05-11 15:36:44,719][root][INFO] - cc -pthread -fno-strict-overflow -Wsign-compare -Wunreachable-code -DNDEBUG -g -O3 -Wall -O3 -fPIC -fPIC -c /tmp/tmp1iwq0t8d/test.c -o /tmp/tmp1iwq0t8d/test.o
[2026-05-11 15:36:44,719][root][INFO] - cc -pthread -fno-strict-overflow -Wsign-compare -Wunreachable-code -DNDEBUG -g -O3 -Wall -O3 -fPIC -fPIC -c /tmp/tmpn0d5m97s/test.c -o /tmp/tmpn0d5m97s/test.o
[2026-05-11 15:36:44,719][root][INFO] - cc -pthread -fno-strict-overflow -Wsign-compare -Wunreachable-code -DNDEBUG -g -O3 -Wall -O3 -fPIC -fPIC -c /tmp/tmpq2u_sfyc/test.c -o /tmp/tmpq2u_sfyc/test.o
[2026-05-11 15:36:44,719][root][INFO] - cc -pthread -fno-strict-overflow -Wsign-compare -Wunreachable-code -DNDEBUG -g -O3 -Wall -O3 -fPIC -fPIC -c /tmp/tmp6evqh576/test.c -o /tmp/tmp6evqh576/test.o
[2026-05-11 15:36:44,720][root][INFO] - cc -pthread -fno-strict-overflow -Wsign-compare -Wunreachable-code -DNDEBUG -g -O3 -Wall -O3 -fPIC -fPIC -c /tmp/tmpcqtapsct/test.c -o /tmp/tmpcqtapsct/test.o
[2026-05-11 15:36:44,728][root][INFO] - cc -pthread /tmp/tmp1iwq0t8d/test.o -L/usr/local/cuda -L/usr/local/cuda/lib64 -lcufile -o /tmp/tmp1iwq0t8d/a.out
[2026-05-11 15:36:44,728][root][INFO] - cc -pthread /tmp/tmpcqtapsct/test.o -L/usr/local/cuda -L/usr/local/cuda/lib64 -lcufile -o /tmp/tmpcqtapsct/a.out
[2026-05-11 15:36:44,730][root][INFO] - cc -pthread /tmp/tmpn0d5m97s/test.o -L/usr/local/cuda -L/usr/local/cuda/lib64 -lcufile -o /tmp/tmpn0d5m97s/a.out
[2026-05-11 15:36:44,731][root][INFO] - cc -pthread /tmp/tmp6evqh576/test.o -L/usr/local/cuda -L/usr/local/cuda/lib64 -lcufile -o /tmp/tmp6evqh576/a.out
[2026-05-11 15:36:44,731][root][INFO] - cc -pthread /tmp/tmpq2u_sfyc/test.o -L/usr/local/cuda -L/usr/local/cuda/lib64 -lcufile -o /tmp/tmpq2u_sfyc/a.out
[2026-05-11 15:36:44,731][root][INFO] - cc -pthread /tmp/tmpquh2c2ip/test.o -L/usr/local/cuda -L/usr/local/cuda/lib64 -lcufile -o /tmp/tmpquh2c2ip/a.out
[2026-05-11 15:36:44,732][root][INFO] - cc -pthread /tmp/tmpa5g9baks/test.o -L/usr/local/cuda -L/usr/local/cuda/lib64 -lcufile -o /tmp/tmpa5g9baks/a.out
[2026-05-11 15:36:44,732][root][INFO] - cc -pthread /tmp/tmpni3sx9fl/test.o -L/usr/local/cuda -L/usr/local/cuda/lib64 -lcufile -o /tmp/tmpni3sx9fl/a.out
[2026-05-11 15:36:44,756][root][INFO] - cc -pthread -fno-strict-overflow -Wsign-compare -Wunreachable-code -DNDEBUG -g -O3 -Wall -O3 -fPIC -fPIC -c /tmp/tmpzxxjtjjf/test.c -o /tmp/tmpzxxjtjjf/test.o
[2026-05-11 15:36:44,763][root][INFO] - cc -pthread -fno-strict-overflow -Wsign-compare -Wunreachable-code -DNDEBUG -g -O3 -Wall -O3 -fPIC -fPIC -c /tmp/tmpzhpkc5yh/test.c -o /tmp/tmpzhpkc5yh/test.o
[2026-05-11 15:36:44,764][root][INFO] - cc -pthread -fno-strict-overflow -Wsign-compare -Wunreachable-code -DNDEBUG -g -O3 -Wall -O3 -fPIC -fPIC -c /tmp/tmpkfl_fqd0/test.c -o /tmp/tmpkfl_fqd0/test.o
[2026-05-11 15:36:44,766][root][INFO] - cc -pthread -fno-strict-overflow -Wsign-compare -Wunreachable-code -DNDEBUG -g -O3 -Wall -O3 -fPIC -fPIC -c /tmp/tmpru909cys/test.c -o /tmp/tmpru909cys/test.o
[2026-05-11 15:36:44,767][root][INFO] - cc -pthread -fno-strict-overflow -Wsign-compare -Wunreachable-code -DNDEBUG -g -O3 -Wall -O3 -fPIC -fPIC -c /tmp/tmp100osmuz/test.c -o /tmp/tmp100osmuz/test.o
[2026-05-11 15:36:44,768][root][INFO] - cc -pthread -fno-strict-overflow -Wsign-compare -Wunreachable-code -DNDEBUG -g -O3 -Wall -O3 -fPIC -fPIC -c /tmp/tmprwypac23/test.c -o /tmp/tmprwypac23/test.o
[2026-05-11 15:36:44,768][root][INFO] - cc -pthread -fno-strict-overflow -Wsign-compare -Wunreachable-code -DNDEBUG -g -O3 -Wall -O3 -fPIC -fPIC -c /tmp/tmpdturupan/test.c -o /tmp/tmpdturupan/test.o
[2026-05-11 15:36:44,768][root][INFO] - cc -pthread /tmp/tmpzxxjtjjf/test.o -laio -o /tmp/tmpzxxjtjjf/a.out
[2026-05-11 15:36:44,769][root][INFO] - cc -pthread -fno-strict-overflow -Wsign-compare -Wunreachable-code -DNDEBUG -g -O3 -Wall -O3 -fPIC -fPIC -c /tmp/tmpuzc1y3kz/test.c -o /tmp/tmpuzc1y3kz/test.o
[2026-05-11 15:36:44,774][root][INFO] - cc -pthread /tmp/tmpzhpkc5yh/test.o -laio -o /tmp/tmpzhpkc5yh/a.out
[2026-05-11 15:36:44,774][root][INFO] - cc -pthread /tmp/tmpkfl_fqd0/test.o -laio -o /tmp/tmpkfl_fqd0/a.out
[2026-05-11 15:36:44,774][root][INFO] - cc -pthread /tmp/tmpru909cys/test.o -laio -o /tmp/tmpru909cys/a.out
[2026-05-11 15:36:44,777][root][INFO] - cc -pthread /tmp/tmp100osmuz/test.o -laio -o /tmp/tmp100osmuz/a.out
[2026-05-11 15:36:44,777][root][INFO] - cc -pthread /tmp/tmprwypac23/test.o -laio -o /tmp/tmprwypac23/a.out
[2026-05-11 15:36:44,778][root][INFO] - cc -pthread /tmp/tmpdturupan/test.o -laio -o /tmp/tmpdturupan/a.out
[2026-05-11 15:36:44,779][root][INFO] - cc -pthread /tmp/tmpuzc1y3kz/test.o -laio -o /tmp/tmpuzc1y3kz/a.out
